[30-Sep-2021 04:20:59 America/Chicago] PHP Warning:  Undefined property: stdClass::$custom_messenger in C:\xampp\htdocs\pH7CMS\_protected\app\modules\messenger\config\Permission.php on line 20
[30-Sep-2021 04:48:54 America/Chicago] PHP Warning:  Undefined variable $chat_data in C:\xampp\htdocs\pH7CMS\_protected\data\cache\pH7tpl_compile\messenger_17cf9933f078b262fcbbc71514b77cc5\base\home\index.cpl.php on line 15
[30-Sep-2021 04:49:20 America/Chicago] PHP Warning:  Undefined variable $chat_data in C:\xampp\htdocs\pH7CMS\_protected\data\cache\pH7tpl_compile\messenger_17cf9933f078b262fcbbc71514b77cc5\base\home\index.cpl.php on line 15
[30-Sep-2021 04:49:26 America/Chicago] PHP Warning:  Undefined variable $chat_data in C:\xampp\htdocs\pH7CMS\_protected\data\cache\pH7tpl_compile\messenger_17cf9933f078b262fcbbc71514b77cc5\base\home\index.cpl.php on line 15
[30-Sep-2021 04:49:42 America/Chicago] PHP Warning:  Undefined variable $chat_data in C:\xampp\htdocs\pH7CMS\_protected\data\cache\pH7tpl_compile\messenger_17cf9933f078b262fcbbc71514b77cc5\base\home\index.cpl.php on line 15
[30-Sep-2021 04:57:14 America/Chicago] PHP Parse error:  syntax error, unexpected token "<", expecting end of file in C:\xampp\htdocs\pH7CMS\_protected\data\cache\pH7tpl_compile\messenger_17cf9933f078b262fcbbc71514b77cc5\base\home\index.cpl.php on line 15
[30-Sep-2021 05:00:30 America/Chicago] PHP Parse error:  Unclosed '{' does not match ')' in C:\xampp\htdocs\pH7CMS\_protected\data\cache\pH7tpl_compile\messenger_17cf9933f078b262fcbbc71514b77cc5\base\home\index.cpl.php on line 15
[30-Sep-2021 05:14:59 America/Chicago] PHP Parse error:  syntax error, unexpected token "<", expecting end of file in C:\xampp\htdocs\pH7CMS\_protected\data\cache\pH7tpl_compile\messenger_17cf9933f078b262fcbbc71514b77cc5\base\home\index.cpl.php on line 15
[30-Sep-2021 05:17:15 America/Chicago] PHP Parse error:  syntax error, unexpected token "}" in C:\xampp\htdocs\pH7CMS\_protected\data\cache\pH7tpl_compile\messenger_17cf9933f078b262fcbbc71514b77cc5\base\home\index.cpl.php on line 15
[30-Sep-2021 05:18:52 America/Chicago] PHP Parse error:  syntax error, unexpected token "<", expecting end of file in C:\xampp\htdocs\pH7CMS\_protected\data\cache\pH7tpl_compile\messenger_17cf9933f078b262fcbbc71514b77cc5\base\home\index.cpl.php on line 15
[30-Sep-2021 05:20:34 America/Chicago] PHP Parse error:  syntax error, unexpected token "<", expecting end of file in C:\xampp\htdocs\pH7CMS\_protected\data\cache\pH7tpl_compile\messenger_17cf9933f078b262fcbbc71514b77cc5\base\home\index.cpl.php on line 15
[30-Sep-2021 05:21:45 America/Chicago] PHP Parse error:  syntax error, unexpected token "<", expecting end of file in C:\xampp\htdocs\pH7CMS\_protected\data\cache\pH7tpl_compile\messenger_17cf9933f078b262fcbbc71514b77cc5\base\home\index.cpl.php on line 15
[30-Sep-2021 05:24:08 America/Chicago] PHP Parse error:  syntax error, unexpected token "=>" in C:\xampp\htdocs\pH7CMS\_protected\data\cache\pH7tpl_compile\messenger_17cf9933f078b262fcbbc71514b77cc5\base\home\index.cpl.php on line 15
[30-Sep-2021 05:26:00 America/Chicago] PHP Parse error:  syntax error, unexpected token "<", expecting end of file in C:\xampp\htdocs\pH7CMS\_protected\data\cache\pH7tpl_compile\messenger_17cf9933f078b262fcbbc71514b77cc5\base\home\index.cpl.php on line 15
[30-Sep-2021 05:26:22 America/Chicago] PHP Parse error:  syntax error, unexpected token "<", expecting end of file in C:\xampp\htdocs\pH7CMS\_protected\data\cache\pH7tpl_compile\messenger_17cf9933f078b262fcbbc71514b77cc5\base\home\index.cpl.php on line 15
[30-Sep-2021 05:28:08 America/Chicago] PHP Parse error:  syntax error, unexpected token "<", expecting end of file in C:\xampp\htdocs\pH7CMS\_protected\data\cache\pH7tpl_compile\messenger_17cf9933f078b262fcbbc71514b77cc5\base\home\index.cpl.php on line 15
[30-Sep-2021 05:28:50 America/Chicago] PHP Parse error:  syntax error, unexpected token ")" in C:\xampp\htdocs\pH7CMS\_protected\data\cache\pH7tpl_compile\messenger_17cf9933f078b262fcbbc71514b77cc5\base\home\index.cpl.php on line 15
[30-Sep-2021 05:31:17 America/Chicago] PHP Parse error:  syntax error, unexpected token "<", expecting end of file in C:\xampp\htdocs\pH7CMS\_protected\data\cache\pH7tpl_compile\messenger_17cf9933f078b262fcbbc71514b77cc5\base\home\index.cpl.php on line 15
[30-Sep-2021 05:31:21 America/Chicago] PHP Parse error:  syntax error, unexpected token "<", expecting end of file in C:\xampp\htdocs\pH7CMS\_protected\data\cache\pH7tpl_compile\messenger_17cf9933f078b262fcbbc71514b77cc5\base\home\index.cpl.php on line 15
[30-Sep-2021 05:32:05 America/Chicago] PHP Parse error:  syntax error, unexpected token "<", expecting end of file in C:\xampp\htdocs\pH7CMS\_protected\data\cache\pH7tpl_compile\messenger_17cf9933f078b262fcbbc71514b77cc5\base\home\index.cpl.php on line 15
[30-Sep-2021 05:33:41 America/Chicago] PHP Parse error:  syntax error, unexpected token "<" in C:\xampp\htdocs\pH7CMS\_protected\data\cache\pH7tpl_compile\messenger_17cf9933f078b262fcbbc71514b77cc5\base\home\index.cpl.php on line 15
[30-Sep-2021 05:39:40 America/Chicago] PHP Parse error:  syntax error, unexpected token "<" in C:\xampp\htdocs\pH7CMS\_protected\data\cache\pH7tpl_compile\messenger_17cf9933f078b262fcbbc71514b77cc5\base\home\index.cpl.php on line 15
[30-Sep-2021 05:42:00 America/Chicago] PHP Parse error:  syntax error, unexpected token "<" in C:\xampp\htdocs\pH7CMS\_protected\data\cache\pH7tpl_compile\messenger_17cf9933f078b262fcbbc71514b77cc5\base\home\index.cpl.php on line 15
[30-Sep-2021 05:42:04 America/Chicago] PHP Parse error:  syntax error, unexpected token "<" in C:\xampp\htdocs\pH7CMS\_protected\data\cache\pH7tpl_compile\messenger_17cf9933f078b262fcbbc71514b77cc5\base\home\index.cpl.php on line 15
[30-Sep-2021 05:42:29 America/Chicago] PHP Parse error:  syntax error, unexpected token "<" in C:\xampp\htdocs\pH7CMS\_protected\data\cache\pH7tpl_compile\messenger_17cf9933f078b262fcbbc71514b77cc5\base\home\index.cpl.php on line 15
[30-Sep-2021 05:43:32 America/Chicago] PHP Parse error:  syntax error, unexpected token "<" in C:\xampp\htdocs\pH7CMS\_protected\data\cache\pH7tpl_compile\messenger_17cf9933f078b262fcbbc71514b77cc5\base\home\index.cpl.php on line 15
[30-Sep-2021 05:44:06 America/Chicago] PHP Parse error:  syntax error, unexpected token "<" in C:\xampp\htdocs\pH7CMS\_protected\data\cache\pH7tpl_compile\messenger_17cf9933f078b262fcbbc71514b77cc5\base\home\index.cpl.php on line 15
[30-Sep-2021 05:44:11 America/Chicago] PHP Parse error:  syntax error, unexpected token "<" in C:\xampp\htdocs\pH7CMS\_protected\data\cache\pH7tpl_compile\messenger_17cf9933f078b262fcbbc71514b77cc5\base\home\index.cpl.php on line 15
[30-Sep-2021 05:45:00 America/Chicago] PHP Parse error:  syntax error, unexpected token "<" in C:\xampp\htdocs\pH7CMS\_protected\data\cache\pH7tpl_compile\messenger_17cf9933f078b262fcbbc71514b77cc5\base\home\index.cpl.php on line 15
[30-Sep-2021 05:46:01 America/Chicago] PHP Parse error:  syntax error, unexpected token "<" in C:\xampp\htdocs\pH7CMS\_protected\data\cache\pH7tpl_compile\messenger_17cf9933f078b262fcbbc71514b77cc5\base\home\index.cpl.php on line 15
[30-Sep-2021 05:48:37 America/Chicago] PHP Parse error:  syntax error, unexpected token "<" in C:\xampp\htdocs\pH7CMS\_protected\data\cache\pH7tpl_compile\messenger_17cf9933f078b262fcbbc71514b77cc5\base\home\index.cpl.php on line 15
[30-Sep-2021 05:51:40 America/Chicago] PHP Parse error:  syntax error, unexpected token "<" in C:\xampp\htdocs\pH7CMS\_protected\data\cache\pH7tpl_compile\messenger_17cf9933f078b262fcbbc71514b77cc5\base\home\index.cpl.php on line 15
[30-Sep-2021 05:53:08 America/Chicago] PHP Parse error:  syntax error, unexpected token "<" in C:\xampp\htdocs\pH7CMS\_protected\data\cache\pH7tpl_compile\messenger_17cf9933f078b262fcbbc71514b77cc5\base\home\index.cpl.php on line 15
[30-Sep-2021 06:06:51 America/Chicago] PHP Warning:  Undefined variable $chat_data in C:\xampp\htdocs\pH7CMS\_protected\data\cache\pH7tpl_compile\messenger_17cf9933f078b262fcbbc71514b77cc5\base\home\index.cpl.php on line 31
[30-Sep-2021 06:06:51 America/Chicago] PHP Warning:  Undefined array key "user_data" in C:\xampp\htdocs\pH7CMS\_protected\data\cache\pH7tpl_compile\messenger_17cf9933f078b262fcbbc71514b77cc5\base\home\index.cpl.php on line 73
[30-Sep-2021 06:06:51 America/Chicago] PHP Warning:  Undefined variable $user_data in C:\xampp\htdocs\pH7CMS\_protected\data\cache\pH7tpl_compile\messenger_17cf9933f078b262fcbbc71514b77cc5\base\home\index.cpl.php on line 89
[30-Sep-2021 06:07:03 America/Chicago] PHP Warning:  Undefined variable $chat_data in C:\xampp\htdocs\pH7CMS\_protected\data\cache\pH7tpl_compile\messenger_17cf9933f078b262fcbbc71514b77cc5\base\home\index.cpl.php on line 31
[30-Sep-2021 06:07:03 America/Chicago] PHP Warning:  Undefined array key "user_data" in C:\xampp\htdocs\pH7CMS\_protected\data\cache\pH7tpl_compile\messenger_17cf9933f078b262fcbbc71514b77cc5\base\home\index.cpl.php on line 73
[30-Sep-2021 06:07:03 America/Chicago] PHP Warning:  Undefined variable $user_data in C:\xampp\htdocs\pH7CMS\_protected\data\cache\pH7tpl_compile\messenger_17cf9933f078b262fcbbc71514b77cc5\base\home\index.cpl.php on line 89
[30-Sep-2021 06:07:48 America/Chicago] PHP Parse error:  syntax error, unexpected token "<" in C:\xampp\htdocs\pH7CMS\_protected\data\cache\pH7tpl_compile\messenger_17cf9933f078b262fcbbc71514b77cc5\base\home\index.cpl.php on line 15
[30-Sep-2021 06:08:31 America/Chicago] PHP Parse error:  syntax error, unexpected token "<" in C:\xampp\htdocs\pH7CMS\_protected\data\cache\pH7tpl_compile\messenger_17cf9933f078b262fcbbc71514b77cc5\base\home\index.cpl.php on line 15
[30-Sep-2021 06:08:34 America/Chicago] PHP Parse error:  syntax error, unexpected token "<" in C:\xampp\htdocs\pH7CMS\_protected\data\cache\pH7tpl_compile\messenger_17cf9933f078b262fcbbc71514b77cc5\base\home\index.cpl.php on line 15
[30-Sep-2021 06:09:02 America/Chicago] PHP Parse error:  syntax error, unexpected token "<" in C:\xampp\htdocs\pH7CMS\_protected\data\cache\pH7tpl_compile\messenger_17cf9933f078b262fcbbc71514b77cc5\base\home\index.cpl.php on line 15
[30-Sep-2021 06:09:29 America/Chicago] PHP Parse error:  syntax error, unexpected token "<" in C:\xampp\htdocs\pH7CMS\_protected\data\cache\pH7tpl_compile\messenger_17cf9933f078b262fcbbc71514b77cc5\base\home\index.cpl.php on line 15
[30-Sep-2021 06:14:02 America/Chicago] PHP Parse error:  syntax error, unexpected token "<" in C:\xampp\htdocs\pH7CMS\_protected\data\cache\pH7tpl_compile\messenger_17cf9933f078b262fcbbc71514b77cc5\base\home\index.cpl.php on line 15
[30-Sep-2021 06:14:04 America/Chicago] PHP Parse error:  syntax error, unexpected token "<" in C:\xampp\htdocs\pH7CMS\_protected\data\cache\pH7tpl_compile\messenger_17cf9933f078b262fcbbc71514b77cc5\base\home\index.cpl.php on line 15
[30-Sep-2021 06:14:06 America/Chicago] PHP Parse error:  syntax error, unexpected token "<" in C:\xampp\htdocs\pH7CMS\_protected\data\cache\pH7tpl_compile\messenger_17cf9933f078b262fcbbc71514b77cc5\base\home\index.cpl.php on line 15
[30-Sep-2021 06:14:40 America/Chicago] PHP Parse error:  syntax error, unexpected token "<" in C:\xampp\htdocs\pH7CMS\_protected\data\cache\pH7tpl_compile\messenger_17cf9933f078b262fcbbc71514b77cc5\base\home\index.cpl.php on line 15
[30-Sep-2021 06:14:42 America/Chicago] PHP Parse error:  syntax error, unexpected token "<" in C:\xampp\htdocs\pH7CMS\_protected\data\cache\pH7tpl_compile\messenger_17cf9933f078b262fcbbc71514b77cc5\base\home\index.cpl.php on line 15
[30-Sep-2021 06:15:09 America/Chicago] PHP Parse error:  syntax error, unexpected token "<" in C:\xampp\htdocs\pH7CMS\_protected\data\cache\pH7tpl_compile\messenger_17cf9933f078b262fcbbc71514b77cc5\base\home\index.cpl.php on line 15
[30-Sep-2021 06:15:12 America/Chicago] PHP Parse error:  syntax error, unexpected token "<" in C:\xampp\htdocs\pH7CMS\_protected\data\cache\pH7tpl_compile\messenger_17cf9933f078b262fcbbc71514b77cc5\base\home\index.cpl.php on line 15
[30-Sep-2021 06:17:05 America/Chicago] PHP Parse error:  syntax error, unexpected token "<" in C:\xampp\htdocs\pH7CMS\_protected\data\cache\pH7tpl_compile\messenger_17cf9933f078b262fcbbc71514b77cc5\base\home\index.cpl.php on line 15
[30-Sep-2021 06:18:25 America/Chicago] PHP Parse error:  syntax error, unexpected token "{" in C:\xampp\htdocs\pH7CMS\_protected\data\cache\pH7tpl_compile\messenger_17cf9933f078b262fcbbc71514b77cc5\base\home\index.cpl.php on line 15
[30-Sep-2021 06:18:28 America/Chicago] PHP Parse error:  syntax error, unexpected token "{" in C:\xampp\htdocs\pH7CMS\_protected\data\cache\pH7tpl_compile\messenger_17cf9933f078b262fcbbc71514b77cc5\base\home\index.cpl.php on line 15
[30-Sep-2021 06:19:07 America/Chicago] PHP Warning:  Undefined variable $chat_data in C:\xampp\htdocs\pH7CMS\_protected\data\cache\pH7tpl_compile\messenger_17cf9933f078b262fcbbc71514b77cc5\base\home\index.cpl.php on line 15
[30-Sep-2021 06:21:04 America/Chicago] PHP Warning:  Undefined variable $chat_data in C:\xampp\htdocs\pH7CMS\_protected\data\cache\pH7tpl_compile\messenger_17cf9933f078b262fcbbc71514b77cc5\base\home\index.cpl.php on line 15
[30-Sep-2021 06:31:42 America/Chicago] PHP Warning:  Undefined variable $chat_data in C:\xampp\htdocs\pH7CMS\_protected\data\cache\pH7tpl_compile\messenger_17cf9933f078b262fcbbc71514b77cc5\base\home\index.cpl.php on line 15
[30-Sep-2021 06:31:56 America/Chicago] PHP Warning:  Undefined variable $chat_data in C:\xampp\htdocs\pH7CMS\_protected\data\cache\pH7tpl_compile\messenger_17cf9933f078b262fcbbc71514b77cc5\base\home\index.cpl.php on line 15
[30-Sep-2021 06:34:24 America/Chicago] PHP Warning:  Undefined variable $chat_data in C:\xampp\htdocs\pH7CMS\_protected\data\cache\pH7tpl_compile\messenger_17cf9933f078b262fcbbc71514b77cc5\base\home\index.cpl.php on line 15
[30-Sep-2021 06:36:12 America/Chicago] PHP Warning:  Undefined variable $chat_data in C:\xampp\htdocs\pH7CMS\_protected\data\cache\pH7tpl_compile\messenger_17cf9933f078b262fcbbc71514b77cc5\base\home\index.cpl.php on line 15
[30-Sep-2021 06:37:49 America/Chicago] PHP Warning:  Undefined variable $chat_data in C:\xampp\htdocs\pH7CMS\_protected\data\cache\pH7tpl_compile\messenger_17cf9933f078b262fcbbc71514b77cc5\base\home\index.cpl.php on line 15
[30-Sep-2021 06:37:53 America/Chicago] PHP Warning:  Undefined variable $chat_data in C:\xampp\htdocs\pH7CMS\_protected\data\cache\pH7tpl_compile\messenger_17cf9933f078b262fcbbc71514b77cc5\base\home\index.cpl.php on line 15
[30-Sep-2021 06:39:52 America/Chicago] PHP Warning:  Undefined variable $chat_data in C:\xampp\htdocs\pH7CMS\_protected\data\cache\pH7tpl_compile\messenger_17cf9933f078b262fcbbc71514b77cc5\base\home\index.cpl.php on line 15
